[]



CREATE TABLE IF NOT EXISTS mod_chats (                id INTEGER,                 tx TEXT,                 to_address TEXT, 		from_address TEXT,                 UNIQUE (tx),                 PRIMARY KEY(id ASC)         )



[]


Welcome to Saito 

address: xxhJ2Q9sT1yHGjeR4Hu7z62mYe3mf17igAFkyChW2hoa
balance: 0.00000000

Above is the address and balance of this computer on the Saito network. Once Saito 
is running it will generate tokens automatically over time. You can increase your 
likelihood of this by processing more transactions and creating services that attract
clients. The more transactions you process the greater the chance that you will be 
rewarded for the work. 

Questions or comments? Please contact us anytime at: david@saito 



//
// FETCHING DNS INFORMATION
// 
Wed Jun 27 2018 17:28:03 GMT+0800 (CST): 0.00000000 ---- 0.00000000 (0/0 -- 0.00000000)



START TIME: 1530091684196
Adding block 1 -> 3ef5a0dd698942bf406b36c73bf6090494dfa64ac8188c491e813e78b239a86f 1530091683886
about to validate the longest chain: 1530091684197
validating longest chain
 ... validate block inputs and other stuff
info:  ... validate block inputs and other stuff
 ... blockchain pt 2     1530091684206
 ... updating wallet1:   1530091684206
 ... updating wallet2:   1530091684206
 ... hitting timer1:     1530091684207
 ... blockchain success: 1530091684220
 ... on new block
CREATED TXS: 0
Wed Jun 27 2018 17:28:04 GMT+0800 (CST): 1.83401000 ---- 0.00000000 (1/0 -- 0.00000000)
Wed Jun 27 2018 17:28:05 GMT+0800 (CST): 1.66818500 ---- 0.00000000 (1/0 -- 0.00000000)
Wed Jun 27 2018 17:28:06 GMT+0800 (CST): 1.50219500 ---- 0.00000000 (1/0 -- 0.00000000)
Wed Jun 27 2018 17:28:07 GMT+0800 (CST): 1.33637000 ---- 0.00000000 (1/0 -- 0.00000000)
Wed Jun 27 2018 17:28:08 GMT+0800 (CST): 1.17038000 ---- 0.00000000 (1/0 -- 0.00000000)
Wed Jun 27 2018 17:28:09 GMT+0800 (CST): 1.00505000 ---- 0.00000000 (1/0 -- 0.00000000)
Wed Jun 27 2018 17:28:10 GMT+0800 (CST): 0.83906000 ---- 0.00000000 (1/0 -- 0.00000000)
Network Shutdown
